<?xml version="1.0" encoding="UTF-8"?>
<testsuite xmlns:xsi="http://www.w3.org/2001/XMLSchema-instance" xsi:noNamespaceSchemaLocation="https://maven.apache.org/surefire/maven-surefire-plugin/xsd/surefire-test-report.xsd" name="TestSuite" time="0.597" tests="99" errors="0" skipped="0" failures="0">
  <properties>
    <property name="gopherProxySet" value="false"/>
    <property name="awt.toolkit" value="sun.lwawt.macosx.LWCToolkit"/>
    <property name="file.encoding.pkg" value="sun.io"/>
    <property name="java.specification.version" value="1.8"/>
    <property name="sun.cpu.isalist" value=""/>
    <property name="sun.jnu.encoding" value="UTF-8"/>
    <property name="java.class.path" value="/Users/serguei/Workspace/HW_35/target/test-classes:/Users/serguei/Workspace/HW_35/target/classes:/Users/serguei/.m2/repository/org/testng/testng/7.1.0/testng-7.1.0.jar:/Users/serguei/.m2/repository/com/beust/jcommander/1.72/jcommander-1.72.jar:/Users/serguei/.m2/repository/com/google/inject/guice/4.1.0/guice-4.1.0-no_aop.jar:/Users/serguei/.m2/repository/javax/inject/javax.inject/1/javax.inject-1.jar:/Users/serguei/.m2/repository/aopalliance/aopalliance/1.0/aopalliance-1.0.jar:/Users/serguei/.m2/repository/com/google/guava/guava/19.0/guava-19.0.jar:/Users/serguei/.m2/repository/org/yaml/snakeyaml/1.21/snakeyaml-1.21.jar:/Users/serguei/.m2/repository/org/hamcrest/java-hamcrest/2.0.0.0/java-hamcrest-2.0.0.0.jar:"/>
    <property name="java.vm.vendor" value="Oracle Corporation"/>
    <property name="sun.arch.data.model" value="64"/>
    <property name="java.vendor.url" value="http://java.oracle.com/"/>
    <property name="user.timezone" value=""/>
    <property name="java.vm.specification.version" value="1.8"/>
    <property name="os.name" value="Mac OS X"/>
    <property name="user.country" value="US"/>
    <property name="sun.java.launcher" value="SUN_STANDARD"/>
    <property name="sun.boot.library.path" value="/Library/Java/JavaVirtualMachines/jdk1.8.0_241.jdk/Contents/Home/jre/lib"/>
    <property name="sun.java.command" value="/Users/serguei/Workspace/HW_35/target/surefire/surefirebooter4694407729144885280.jar /Users/serguei/Workspace/HW_35/target/surefire 2020-04-22T18-42-11_616-jvmRun1 surefire5102865692697356029tmp surefire_09122173202896276215tmp"/>
    <property name="http.nonProxyHosts" value="local|*.local|169.254/16|*.169.254/16"/>
    <property name="surefire.test.class.path" value="/Users/serguei/Workspace/HW_35/target/test-classes:/Users/serguei/Workspace/HW_35/target/classes:/Users/serguei/.m2/repository/org/testng/testng/7.1.0/testng-7.1.0.jar:/Users/serguei/.m2/repository/com/beust/jcommander/1.72/jcommander-1.72.jar:/Users/serguei/.m2/repository/com/google/inject/guice/4.1.0/guice-4.1.0-no_aop.jar:/Users/serguei/.m2/repository/javax/inject/javax.inject/1/javax.inject-1.jar:/Users/serguei/.m2/repository/aopalliance/aopalliance/1.0/aopalliance-1.0.jar:/Users/serguei/.m2/repository/com/google/guava/guava/19.0/guava-19.0.jar:/Users/serguei/.m2/repository/org/yaml/snakeyaml/1.21/snakeyaml-1.21.jar:/Users/serguei/.m2/repository/org/hamcrest/java-hamcrest/2.0.0.0/java-hamcrest-2.0.0.0.jar:"/>
    <property name="sun.cpu.endian" value="little"/>
    <property name="user.home" value="/Users/serguei"/>
    <property name="user.language" value="en"/>
    <property name="testcases" value="./primes_99.csv"/>
    <property name="java.specification.vendor" value="Oracle Corporation"/>
    <property name="java.home" value="/Library/Java/JavaVirtualMachines/jdk1.8.0_241.jdk/Contents/Home/jre"/>
    <property name="basedir" value="/Users/serguei/Workspace/HW_35"/>
    <property name="file.separator" value="/"/>
    <property name="line.separator" value="&#10;"/>
    <property name="java.vm.specification.vendor" value="Oracle Corporation"/>
    <property name="java.specification.name" value="Java Platform API Specification"/>
    <property name="java.awt.graphicsenv" value="sun.awt.CGraphicsEnvironment"/>
    <property name="surefire.real.class.path" value="/Users/serguei/Workspace/HW_35/target/surefire/surefirebooter4694407729144885280.jar"/>
    <property name="sun.boot.class.path" value="/Library/Java/JavaVirtualMachines/jdk1.8.0_241.jdk/Contents/Home/jre/lib/resources.jar:/Library/Java/JavaVirtualMachines/jdk1.8.0_241.jdk/Contents/Home/jre/lib/rt.jar:/Library/Java/JavaVirtualMachines/jdk1.8.0_241.jdk/Contents/Home/jre/lib/sunrsasign.jar:/Library/Java/JavaVirtualMachines/jdk1.8.0_241.jdk/Contents/Home/jre/lib/jsse.jar:/Library/Java/JavaVirtualMachines/jdk1.8.0_241.jdk/Contents/Home/jre/lib/jce.jar:/Library/Java/JavaVirtualMachines/jdk1.8.0_241.jdk/Contents/Home/jre/lib/charsets.jar:/Library/Java/JavaVirtualMachines/jdk1.8.0_241.jdk/Contents/Home/jre/lib/jfr.jar:/Library/Java/JavaVirtualMachines/jdk1.8.0_241.jdk/Contents/Home/jre/classes"/>
    <property name="sun.management.compiler" value="HotSpot 64-Bit Tiered Compilers"/>
    <property name="ftp.nonProxyHosts" value="local|*.local|169.254/16|*.169.254/16"/>
    <property name="java.runtime.version" value="1.8.0_241-b07"/>
    <property name="user.name" value="serguei"/>
    <property name="path.separator" value=":"/>
    <property name="os.version" value="10.15.3"/>
    <property name="java.endorsed.dirs" value="/Library/Java/JavaVirtualMachines/jdk1.8.0_241.jdk/Contents/Home/jre/lib/endorsed"/>
    <property name="java.runtime.name" value="Java(TM) SE Runtime Environment"/>
    <property name="file.encoding" value="UTF-8"/>
    <property name="java.vm.name" value="Java HotSpot(TM) 64-Bit Server VM"/>
    <property name="localRepository" value="/Users/serguei/.m2/repository"/>
    <property name="java.vendor.url.bug" value="http://bugreport.sun.com/bugreport/"/>
    <property name="java.io.tmpdir" value="/var/folders/m1/pb656_v11f124d_7_nwnbhrh0000gn/T/"/>
    <property name="java.version" value="1.8.0_241"/>
    <property name="user.dir" value="/Users/serguei/Workspace/HW_35"/>
    <property name="os.arch" value="x86_64"/>
    <property name="java.vm.specification.name" value="Java Virtual Machine Specification"/>
    <property name="java.awt.printerjob" value="sun.lwawt.macosx.CPrinterJob"/>
    <property name="sun.os.patch.level" value="unknown"/>
    <property name="java.library.path" value="/Users/serguei/Library/Java/Extensions:/Library/Java/Extensions:/Network/Library/Java/Extensions:/System/Library/Java/Extensions:/usr/lib/java:."/>
    <property name="java.vm.info" value="mixed mode"/>
    <property name="java.vendor" value="Oracle Corporation"/>
    <property name="java.vm.version" value="25.241-b07"/>
    <property name="java.ext.dirs" value="/Users/serguei/Library/Java/Extensions:/Library/Java/JavaVirtualMachines/jdk1.8.0_241.jdk/Contents/Home/jre/lib/ext:/Library/Java/Extensions:/Network/Library/Java/Extensions:/System/Library/Java/Extensions:/usr/lib/java"/>
    <property name="sun.io.unicode.encoding" value="UnicodeBig"/>
    <property name="java.class.version" value="52.0"/>
    <property name="socksNonProxyHosts" value="local|*.local|169.254/16|*.169.254/16"/>
  </properties>
  <testcase name="TC-01.01 (2 is prime number)" classname="core.PrimeNumberCheckerTest" time="0.006"/>
  <testcase name="TC-01.02 (3 is prime number)" classname="core.PrimeNumberCheckerTest" time="0"/>
  <testcase name="TC-01.03 (4 is not prime number)" classname="core.PrimeNumberCheckerTest" time="0"/>
  <testcase name="TC-01.04 (5 is prime number)" classname="core.PrimeNumberCheckerTest" time="0"/>
  <testcase name="TC-01.05 (6 is not prime number)" classname="core.PrimeNumberCheckerTest" time="0"/>
  <testcase name="TC-01.06 (7 is prime number)" classname="core.PrimeNumberCheckerTest" time="0.001"/>
  <testcase name="TC-01.07 (8 is not prime number)" classname="core.PrimeNumberCheckerTest" time="0"/>
  <testcase name="TC-01.08 (9 is not prime number)" classname="core.PrimeNumberCheckerTest" time="0"/>
  <testcase name="TC-01.09 (10 is not prime number)" classname="core.PrimeNumberCheckerTest" time="0"/>
  <testcase name="TC-01.10 (11 is prime number)" classname="core.PrimeNumberCheckerTest" time="0.001"/>
  <testcase name="TC-01.11 (12 is not prime number)" classname="core.PrimeNumberCheckerTest" time="0.001"/>
  <testcase name="TC-01.12 (13 is prime number)" classname="core.PrimeNumberCheckerTest" time="0"/>
  <testcase name="TC-01.13 (14 is not prime number)" classname="core.PrimeNumberCheckerTest" time="0"/>
  <testcase name="TC-01.14 (15 is not prime number)" classname="core.PrimeNumberCheckerTest" time="0.003"/>
  <testcase name="TC-01.15 (16 is not prime number)" classname="core.PrimeNumberCheckerTest" time="0.001"/>
  <testcase name="TC-01.16 (17 is prime number)" classname="core.PrimeNumberCheckerTest" time="0.001"/>
  <testcase name="TC-01.17 (18 is not prime number)" classname="core.PrimeNumberCheckerTest" time="0"/>
  <testcase name="TC-01.18 (19 is prime number)" classname="core.PrimeNumberCheckerTest" time="0"/>
  <testcase name="TC-01.19 (20 is not prime number)" classname="core.PrimeNumberCheckerTest" time="0.001"/>
  <testcase name="TC-01.20 (21 is not prime number)" classname="core.PrimeNumberCheckerTest" time="0.001"/>
  <testcase name="TC-01.21 (22 is not prime number)" classname="core.PrimeNumberCheckerTest" time="0.001"/>
  <testcase name="TC-01.22 (23 is prime number)" classname="core.PrimeNumberCheckerTest" time="0.001"/>
  <testcase name="TC-01.23 (24 is not prime number)" classname="core.PrimeNumberCheckerTest" time="0.001"/>
  <testcase name="TC-01.24 (25 is not prime number)" classname="core.PrimeNumberCheckerTest" time="0.001"/>
  <testcase name="TC-01.25 (26 is not prime number)" classname="core.PrimeNumberCheckerTest" time="0.001"/>
  <testcase name="TC-01.26 (27 is not prime number)" classname="core.PrimeNumberCheckerTest" time="0"/>
  <testcase name="TC-01.27 (28 is not prime number)" classname="core.PrimeNumberCheckerTest" time="0"/>
  <testcase name="TC-01.28 (29 is prime number)" classname="core.PrimeNumberCheckerTest" time="0"/>
  <testcase name="TC-01.29 (30 is not prime number)" classname="core.PrimeNumberCheckerTest" time="0"/>
  <testcase name="TC-01.30 (31 is prime number)" classname="core.PrimeNumberCheckerTest" time="0"/>
  <testcase name="TC-01.31 (32 is not prime number)" classname="core.PrimeNumberCheckerTest" time="0"/>
  <testcase name="TC-01.32 (33 is not prime number)" classname="core.PrimeNumberCheckerTest" time="0"/>
  <testcase name="TC-01.33 (34 is not prime number)" classname="core.PrimeNumberCheckerTest" time="0.001"/>
  <testcase name="TC-01.34 (35 is not prime number)" classname="core.PrimeNumberCheckerTest" time="0.001"/>
  <testcase name="TC-01.35 (36 is not prime number)" classname="core.PrimeNumberCheckerTest" time="0"/>
  <testcase name="TC-01.36 (37 is prime number)" classname="core.PrimeNumberCheckerTest" time="0"/>
  <testcase name="TC-01.37 (38 is not prime number)" classname="core.PrimeNumberCheckerTest" time="0"/>
  <testcase name="TC-01.38 (39 is not prime number)" classname="core.PrimeNumberCheckerTest" time="0.001"/>
  <testcase name="TC-01.39 (40 is not prime number)" classname="core.PrimeNumberCheckerTest" time="0"/>
  <testcase name="TC-01.40 (41 is prime number)" classname="core.PrimeNumberCheckerTest" time="0"/>
  <testcase name="TC-01.41 (42 is not prime number)" classname="core.PrimeNumberCheckerTest" time="0"/>
  <testcase name="TC-01.42 (43 is prime number)" classname="core.PrimeNumberCheckerTest" time="0"/>
  <testcase name="TC-01.43 (44 is not prime number)" classname="core.PrimeNumberCheckerTest" time="0"/>
  <testcase name="TC-01.44 (45 is not prime number)" classname="core.PrimeNumberCheckerTest" time="0"/>
  <testcase name="TC-01.45 (46 is not prime number)" classname="core.PrimeNumberCheckerTest" time="0.001"/>
  <testcase name="TC-01.46 (47 is prime number)" classname="core.PrimeNumberCheckerTest" time="0"/>
  <testcase name="TC-01.47 (48 is not prime number)" classname="core.PrimeNumberCheckerTest" time="0"/>
  <testcase name="TC-01.48 (49 is not prime number)" classname="core.PrimeNumberCheckerTest" time="0"/>
  <testcase name="TC-01.49 (50 is not prime number)" classname="core.PrimeNumberCheckerTest" time="0"/>
  <testcase name="TC-01.50 (51 is not prime number)" classname="core.PrimeNumberCheckerTest" time="0.001"/>
  <testcase name="TC-01.51 (52 is not prime number)" classname="core.PrimeNumberCheckerTest" time="0.001"/>
  <testcase name="TC-01.52 (53 is prime number)" classname="core.PrimeNumberCheckerTest" time="0"/>
  <testcase name="TC-01.53 (54 is not prime number)" classname="core.PrimeNumberCheckerTest" time="0"/>
  <testcase name="TC-01.54 (55 is not prime number)" classname="core.PrimeNumberCheckerTest" time="0"/>
  <testcase name="TC-01.55 (56 is not prime number)" classname="core.PrimeNumberCheckerTest" time="0"/>
  <testcase name="TC-01.56 (57 is not prime number)" classname="core.PrimeNumberCheckerTest" time="0.001"/>
  <testcase name="TC-01.57 (58 is not prime number)" classname="core.PrimeNumberCheckerTest" time="0"/>
  <testcase name="TC-01.58 (59 is prime number)" classname="core.PrimeNumberCheckerTest" time="0"/>
  <testcase name="TC-01.59 (60 is not prime number)" classname="core.PrimeNumberCheckerTest" time="0.001"/>
  <testcase name="TC-01.60 (61 is prime number)" classname="core.PrimeNumberCheckerTest" time="0"/>
  <testcase name="TC-01.61 (62 is not prime number)" classname="core.PrimeNumberCheckerTest" time="0"/>
  <testcase name="TC-01.62 (63 is not prime number)" classname="core.PrimeNumberCheckerTest" time="0.001"/>
  <testcase name="TC-01.63 (64 is not prime number)" classname="core.PrimeNumberCheckerTest" time="0.001"/>
  <testcase name="TC-01.64 (65 is not prime number)" classname="core.PrimeNumberCheckerTest" time="0.001"/>
  <testcase name="TC-01.65 (66 is not prime number)" classname="core.PrimeNumberCheckerTest" time="0"/>
  <testcase name="TC-01.66 (67 is prime number)" classname="core.PrimeNumberCheckerTest" time="0"/>
  <testcase name="TC-01.67 (68 is not prime number)" classname="core.PrimeNumberCheckerTest" time="0"/>
  <testcase name="TC-01.68 (69 is not prime number)" classname="core.PrimeNumberCheckerTest" time="0"/>
  <testcase name="TC-01.69 (70 is not prime number)" classname="core.PrimeNumberCheckerTest" time="0.001"/>
  <testcase name="TC-01.70 (71 is prime number)" classname="core.PrimeNumberCheckerTest" time="0.001"/>
  <testcase name="TC-01.71 (72 is not prime number)" classname="core.PrimeNumberCheckerTest" time="0"/>
  <testcase name="TC-01.72 (73 is prime number)" classname="core.PrimeNumberCheckerTest" time="0"/>
  <testcase name="TC-01.73 (74 is not prime number)" classname="core.PrimeNumberCheckerTest" time="0"/>
  <testcase name="TC-01.74 (75 is not prime number)" classname="core.PrimeNumberCheckerTest" time="0"/>
  <testcase name="TC-01.75 (76 is not prime number)" classname="core.PrimeNumberCheckerTest" time="0.001"/>
  <testcase name="TC-01.76 (77 is not prime number)" classname="core.PrimeNumberCheckerTest" time="0.001"/>
  <testcase name="TC-01.77 (78 is not prime number)" classname="core.PrimeNumberCheckerTest" time="0"/>
  <testcase name="TC-01.78 (79 is prime number)" classname="core.PrimeNumberCheckerTest" time="0"/>
  <testcase name="TC-01.79 (80 is not prime number)" classname="core.PrimeNumberCheckerTest" time="0"/>
  <testcase name="TC-01.80 (81 is not prime number)" classname="core.PrimeNumberCheckerTest" time="0"/>
  <testcase name="TC-01.81 (82 is not prime number)" classname="core.PrimeNumberCheckerTest" time="0.001"/>
  <testcase name="TC-01.82 (83 is prime number)" classname="core.PrimeNumberCheckerTest" time="0.001"/>
  <testcase name="TC-01.83 (84 is not prime number)" classname="core.PrimeNumberCheckerTest" time="0.001"/>
  <testcase name="TC-01.84 (85 is not prime number)" classname="core.PrimeNumberCheckerTest" time="0"/>
  <testcase name="TC-01.85 (86 is not prime number)" classname="core.PrimeNumberCheckerTest" time="0"/>
  <testcase name="TC-01.86 (87 is not prime number)" classname="core.PrimeNumberCheckerTest" time="0"/>
  <testcase name="TC-01.87 (88 is not prime number)" classname="core.PrimeNumberCheckerTest" time="0"/>
  <testcase name="TC-01.88 (89 is prime number)" classname="core.PrimeNumberCheckerTest" time="0.001"/>
  <testcase name="TC-01.89 (90 is not prime number)" classname="core.PrimeNumberCheckerTest" time="0.001"/>
  <testcase name="TC-01.90 (91 is not prime number)" classname="core.PrimeNumberCheckerTest" time="0"/>
  <testcase name="TC-01.91 (92 is not prime number)" classname="core.PrimeNumberCheckerTest" time="0"/>
  <testcase name="TC-01.92 (93 is not prime number)" classname="core.PrimeNumberCheckerTest" time="0"/>
  <testcase name="TC-01.93 (94 is not prime number)" classname="core.PrimeNumberCheckerTest" time="0"/>
  <testcase name="TC-01.94 (95 is not prime number)" classname="core.PrimeNumberCheckerTest" time="0.001"/>
  <testcase name="TC-01.95 (96 is not prime number)" classname="core.PrimeNumberCheckerTest" time="0"/>
  <testcase name="TC-01.96 (97 is prime number)" classname="core.PrimeNumberCheckerTest" time="0"/>
  <testcase name="TC-01.97 (98 is not prime number)" classname="core.PrimeNumberCheckerTest" time="0"/>
  <testcase name="TC-01.98 (99 is not prime number)" classname="core.PrimeNumberCheckerTest" time="0"/>
  <testcase name="TC-01.99 (100 is not prime number)" classname="core.PrimeNumberCheckerTest" time="0.001"/>
</testsuite>