<?xml version="1.0" encoding="UTF-8"?>
<!-- Generated by org.testng.reporters.JUnitReportReporter -->
<testsuite skipped="0" hostname="Sergueis-MacBook-Pro-2.local" name="core.PrimeNumberCheckerTest" tests="99" failures="0" timestamp="2020-04-22T18:42:12 PDT" time="0.059" errors="0">
  <testcase name="test" time="0.001" classname="core.PrimeNumberCheckerTest"/>
  <system-out/>
  <testcase name="test" time="0.000" classname="core.PrimeNumberCheckerTest"/>
  <system-out/>
  <testcase name="test" time="0.001" classname="core.PrimeNumberCheckerTest"/>
  <system-out/>
  <testcase name="test" time="0.002" classname="core.PrimeNumberCheckerTest"/>
  <system-out/>
  <testcase name="test" time="0.002" classname="core.PrimeNumberCheckerTest"/>
  <system-out/>
  <testcase name="test" time="0.001" classname="core.PrimeNumberCheckerTest"/>
  <system-out/>
  <testcase name="test" time="0.001" classname="core.PrimeNumberCheckerTest"/>
  <system-out/>
  <testcase name="test" time="0.004" classname="core.PrimeNumberCheckerTest"/>
  <system-out/>
  <testcase name="test" time="0.001" classname="core.PrimeNumberCheckerTest"/>
  <system-out/>
  <testcase name="test" time="0.000" classname="core.PrimeNumberCheckerTest"/>
  <system-out/>
  <testcase name="test" time="0.000" classname="core.PrimeNumberCheckerTest"/>
  <system-out/>
  <testcase name="test" time="0.000" classname="core.PrimeNumberCheckerTest"/>
  <system-out/>
  <testcase name="test" time="0.002" classname="core.PrimeNumberCheckerTest"/>
  <system-out/>
  <testcase name="test" time="0.001" classname="core.PrimeNumberCheckerTest"/>
  <system-out/>
  <testcase name="test" time="0.000" classname="core.PrimeNumberCheckerTest"/>
  <system-out/>
  <testcase name="test" time="0.000" classname="core.PrimeNumberCheckerTest"/>
  <system-out/>
  <testcase name="test" time="0.000" classname="core.PrimeNumberCheckerTest"/>
  <system-out/>
  <testcase name="test" time="0.001" classname="core.PrimeNumberCheckerTest"/>
  <system-out/>
  <testcase name="test" time="0.000" classname="core.PrimeNumberCheckerTest"/>
  <system-out/>
  <testcase name="test" time="0.000" classname="core.PrimeNumberCheckerTest"/>
  <system-out/>
  <testcase name="test" time="0.001" classname="core.PrimeNumberCheckerTest"/>
  <system-out/>
  <testcase name="test" time="0.001" classname="core.PrimeNumberCheckerTest"/>
  <system-out/>
  <testcase name="test" time="0.001" classname="core.PrimeNumberCheckerTest"/>
  <system-out/>
  <testcase name="test" time="0.001" classname="core.PrimeNumberCheckerTest"/>
  <system-out/>
  <testcase name="test" time="0.000" classname="core.PrimeNumberCheckerTest"/>
  <system-out/>
  <testcase name="test" time="0.000" classname="core.PrimeNumberCheckerTest"/>
  <system-out/>
  <testcase name="test" time="0.001" classname="core.PrimeNumberCheckerTest"/>
  <system-out/>
  <testcase name="test" time="0.001" classname="core.PrimeNumberCheckerTest"/>
  <system-out/>
  <testcase name="test" time="0.001" classname="core.PrimeNumberCheckerTest"/>
  <system-out/>
  <testcase name="test" time="0.000" classname="core.PrimeNumberCheckerTest"/>
  <system-out/>
  <testcase name="test" time="0.000" classname="core.PrimeNumberCheckerTest"/>
  <system-out/>
  <testcase name="test" time="0.001" classname="core.PrimeNumberCheckerTest"/>
  <system-out/>
  <testcase name="test" time="0.000" classname="core.PrimeNumberCheckerTest"/>
  <system-out/>
  <testcase name="test" time="0.001" classname="core.PrimeNumberCheckerTest"/>
  <system-out/>
  <testcase name="test" time="0.001" classname="core.PrimeNumberCheckerTest"/>
  <system-out/>
  <testcase name="test" time="0.000" classname="core.PrimeNumberCheckerTest"/>
  <system-out/>
  <testcase name="test" time="0.000" classname="core.PrimeNumberCheckerTest"/>
  <system-out/>
  <testcase name="test" time="0.000" classname="core.PrimeNumberCheckerTest"/>
  <system-out/>
  <testcase name="test" time="0.001" classname="core.PrimeNumberCheckerTest"/>
  <system-out/>
  <testcase name="test" time="0.000" classname="core.PrimeNumberCheckerTest"/>
  <system-out/>
  <testcase name="test" time="0.001" classname="core.PrimeNumberCheckerTest"/>
  <system-out/>
  <testcase name="test" time="0.002" classname="core.PrimeNumberCheckerTest"/>
  <system-out/>
  <testcase name="test" time="0.000" classname="core.PrimeNumberCheckerTest"/>
  <system-out/>
  <testcase name="test" time="0.000" classname="core.PrimeNumberCheckerTest"/>
  <system-out/>
  <testcase name="test" time="0.001" classname="core.PrimeNumberCheckerTest"/>
  <system-out/>
  <testcase name="test" time="0.001" classname="core.PrimeNumberCheckerTest"/>
  <system-out/>
  <testcase name="test" time="0.000" classname="core.PrimeNumberCheckerTest"/>
  <system-out/>
  <testcase name="test" time="0.001" classname="core.PrimeNumberCheckerTest"/>
  <system-out/>
  <testcase name="test" time="0.001" classname="core.PrimeNumberCheckerTest"/>
  <system-out/>
  <testcase name="test" time="0.001" classname="core.PrimeNumberCheckerTest"/>
  <system-out/>
  <testcase name="test" time="0.000" classname="core.PrimeNumberCheckerTest"/>
  <system-out/>
  <testcase name="test" time="0.000" classname="core.PrimeNumberCheckerTest"/>
  <system-out/>
  <testcase name="test" time="0.000" classname="core.PrimeNumberCheckerTest"/>
  <system-out/>
  <testcase name="test" time="0.000" classname="core.PrimeNumberCheckerTest"/>
  <system-out/>
  <testcase name="test" time="0.000" classname="core.PrimeNumberCheckerTest"/>
  <system-out/>
  <testcase name="test" time="0.001" classname="core.PrimeNumberCheckerTest"/>
  <system-out/>
  <testcase name="test" time="0.000" classname="core.PrimeNumberCheckerTest"/>
  <system-out/>
  <testcase name="test" time="0.000" classname="core.PrimeNumberCheckerTest"/>
  <system-out/>
  <testcase name="test" time="0.000" classname="core.PrimeNumberCheckerTest"/>
  <system-out/>
  <testcase name="test" time="0.001" classname="core.PrimeNumberCheckerTest"/>
  <system-out/>
  <testcase name="test" time="0.001" classname="core.PrimeNumberCheckerTest"/>
  <system-out/>
  <testcase name="test" time="0.000" classname="core.PrimeNumberCheckerTest"/>
  <system-out/>
  <testcase name="test" time="0.001" classname="core.PrimeNumberCheckerTest"/>
  <system-out/>
  <testcase name="test" time="0.001" classname="core.PrimeNumberCheckerTest"/>
  <system-out/>
  <testcase name="test" time="0.000" classname="core.PrimeNumberCheckerTest"/>
  <system-out/>
  <testcase name="test" time="0.000" classname="core.PrimeNumberCheckerTest"/>
  <system-out/>
  <testcase name="test" time="0.001" classname="core.PrimeNumberCheckerTest"/>
  <system-out/>
  <testcase name="test" time="0.001" classname="core.PrimeNumberCheckerTest"/>
  <system-out/>
  <testcase name="test" time="0.001" classname="core.PrimeNumberCheckerTest"/>
  <system-out/>
  <testcase name="test" time="0.000" classname="core.PrimeNumberCheckerTest"/>
  <system-out/>
  <testcase name="test" time="0.000" classname="core.PrimeNumberCheckerTest"/>
  <system-out/>
  <testcase name="test" time="0.001" classname="core.PrimeNumberCheckerTest"/>
  <system-out/>
  <testcase name="test" time="0.000" classname="core.PrimeNumberCheckerTest"/>
  <system-out/>
  <testcase name="test" time="0.000" classname="core.PrimeNumberCheckerTest"/>
  <system-out/>
  <testcase name="test" time="0.000" classname="core.PrimeNumberCheckerTest"/>
  <system-out/>
  <testcase name="test" time="0.000" classname="core.PrimeNumberCheckerTest"/>
  <system-out/>
  <testcase name="test" time="0.000" classname="core.PrimeNumberCheckerTest"/>
  <system-out/>
  <testcase name="test" time="0.000" classname="core.PrimeNumberCheckerTest"/>
  <system-out/>
  <testcase name="test" time="0.000" classname="core.PrimeNumberCheckerTest"/>
  <system-out/>
  <testcase name="test" time="0.001" classname="core.PrimeNumberCheckerTest"/>
  <system-out/>
  <testcase name="test" time="0.000" classname="core.PrimeNumberCheckerTest"/>
  <system-out/>
  <testcase name="test" time="0.000" classname="core.PrimeNumberCheckerTest"/>
  <system-out/>
  <testcase name="test" time="0.000" classname="core.PrimeNumberCheckerTest"/>
  <system-out/>
  <testcase name="test" time="0.001" classname="core.PrimeNumberCheckerTest"/>
  <system-out/>
  <testcase name="test" time="0.000" classname="core.PrimeNumberCheckerTest"/>
  <system-out/>
  <testcase name="test" time="0.001" classname="core.PrimeNumberCheckerTest"/>
  <system-out/>
  <testcase name="test" time="0.001" classname="core.PrimeNumberCheckerTest"/>
  <system-out/>
  <testcase name="test" time="0.000" classname="core.PrimeNumberCheckerTest"/>
  <system-out/>
  <testcase name="test" time="0.001" classname="core.PrimeNumberCheckerTest"/>
  <system-out/>
  <testcase name="test" time="0.001" classname="core.PrimeNumberCheckerTest"/>
  <system-out/>
  <testcase name="test" time="0.000" classname="core.PrimeNumberCheckerTest"/>
  <system-out/>
  <testcase name="test" time="0.000" classname="core.PrimeNumberCheckerTest"/>
  <system-out/>
  <testcase name="test" time="0.002" classname="core.PrimeNumberCheckerTest"/>
  <system-out/>
  <testcase name="test" time="0.000" classname="core.PrimeNumberCheckerTest"/>
  <system-out/>
  <testcase name="test" time="0.003" classname="core.PrimeNumberCheckerTest"/>
  <system-out/>
  <testcase name="test" time="0.001" classname="core.PrimeNumberCheckerTest"/>
  <system-out/>
  <testcase name="test" time="0.001" classname="core.PrimeNumberCheckerTest"/>
  <system-out/>
  <testcase name="test" time="0.001" classname="core.PrimeNumberCheckerTest"/>
  <system-out/>
  <testcase name="test" time="0.000" classname="core.PrimeNumberCheckerTest"/>
  <system-out/>
</testsuite> <!-- core.PrimeNumberCheckerTest -->
